This is pdfTeX, Version 3.14159265-2.6-1.40.19 (TeX Live 2018) (preloaded format=pdflatex 2019.1.15)  13 JAN 2022 14:23
entering extended mode
 restricted \write18 enabled.
 %&-line parsing enabled.
**vita
(./vita.tex
LaTeX2e <2018-12-01>
(./moderncv.cls
Document Class: moderncv 2006/09/09 v0.5 modern curriculum vitae document class

(/usr/sup/texlive-20190115/texmf-dist/tex/latex/base/size10.clo
File: size10.clo 2018/09/03 v1.4i Standard LaTeX file (size option)
)
(/usr/sup/texlive-20190115/texmf-dist/tex/latex/base/ifthen.sty
Package: ifthen 2014/09/29 v1.1c Standard LaTeX ifthen package (DPC)
)
(/usr/sup/texlive-20190115/texmf-dist/tex/generic/oberdiek/ifpdf.sty
Package: ifpdf 2018/09/07 v3.3 Provides the ifpdf switch
)
(/usr/sup/texlive-20190115/texmf-dist/tex/latex/graphics/color.sty
Package: color 2016/07/10 v1.1e Standard LaTeX Color (DPC)

(/usr/sup/texlive-20190115/texmf-dist/tex/latex/graphics-cfg/color.cfg
File: color.cfg 2016/01/02 v1.6 sample color configuration
)
Package color Info: Driver file: pdftex.def on input line 147.

(/usr/sup/texlive-20190115/texmf-dist/tex/latex/graphics-def/pdftex.def
File: pdftex.def 2018/01/08 v1.0l Graphics/color driver for pdftex
))
(/usr/sup/texlive-20190115/texmf-dist/tex/latex/base/fontenc.sty
Package: fontenc 2018/08/11 v2.0j Standard LaTeX package

(/usr/sup/texlive-20190115/texmf-dist/tex/latex/base/t1enc.def
File: t1enc.def 2018/08/11 v2.0j Standard LaTeX file
LaTeX Font Info:    Redeclaring font encoding T1 on input line 48.
))
(/usr/sup/texlive-20190115/texmf-dist/tex/latex/marvosym/marvosym.sty
Package: marvosym 2011/07/20 v2.2 Martin Vogel's Symbols font definitions
)
(/usr/sup/texlive-20190115/texmf-dist/tex/latex/url/url.sty
\Urlmuskip=\muskip10
Package: url 2013/09/16  ver 3.4  Verb mode for urls, etc.
)
(/usr/sup/texlive-20190115/texmf-dist/tex/latex/hyperref/hyperref.sty
Package: hyperref 2018/11/30 v6.88e Hypertext links for LaTeX

(/usr/sup/texlive-20190115/texmf-dist/tex/generic/oberdiek/hobsub-hyperref.sty
Package: hobsub-hyperref 2016/05/16 v1.14 Bundle oberdiek, subset hyperref (HO)


(/usr/sup/texlive-20190115/texmf-dist/tex/generic/oberdiek/hobsub-generic.sty
Package: hobsub-generic 2016/05/16 v1.14 Bundle oberdiek, subset generic (HO)
Package: hobsub 2016/05/16 v1.14 Construct package bundles (HO)
Package: infwarerr 2016/05/16 v1.4 Providing info/warning/error messages (HO)
Package: ltxcmds 2016/05/16 v1.23 LaTeX kernel commands for general use (HO)
Package: ifluatex 2016/05/16 v1.4 Provides the ifluatex switch (HO)
Package ifluatex Info: LuaTeX not detected.
Package: ifvtex 2016/05/16 v1.6 Detect VTeX and its facilities (HO)
Package ifvtex Info: VTeX not detected.
Package: intcalc 2016/05/16 v1.2 Expandable calculations with integers (HO)
Package hobsub Info: Skipping package `ifpdf' (already loaded).
Package: etexcmds 2016/05/16 v1.6 Avoid name clashes with e-TeX commands (HO)
Package etexcmds Info: Could not find \expanded.
(etexcmds)             That can mean that you are not using pdfTeX 1.50 or
(etexcmds)             that some package has redefined \expanded.
(etexcmds)             In the latter case, load this package earlier.
Package: kvsetkeys 2016/05/16 v1.17 Key value parser (HO)
Package: kvdefinekeys 2016/05/16 v1.4 Define keys (HO)
Package: pdftexcmds 2018/09/10 v0.29 Utility functions of pdfTeX for LuaTeX (HO
)
Package pdftexcmds Info: LuaTeX not detected.
Package pdftexcmds Info: \pdf@primitive is available.
Package pdftexcmds Info: \pdf@ifprimitive is available.
Package pdftexcmds Info: \pdfdraftmode found.
Package: pdfescape 2016/05/16 v1.14 Implements pdfTeX's escape features (HO)
Package: bigintcalc 2016/05/16 v1.4 Expandable calculations on big integers (HO
)
Package: bitset 2016/05/16 v1.2 Handle bit-vector datatype (HO)
Package: uniquecounter 2016/05/16 v1.3 Provide unlimited unique counter (HO)
)
Package hobsub Info: Skipping package `hobsub' (already loaded).
Package: letltxmacro 2016/05/16 v1.5 Let assignment for LaTeX macros (HO)
Package: hopatch 2016/05/16 v1.3 Wrapper for package hooks (HO)
Package: xcolor-patch 2016/05/16 xcolor patch
Package: atveryend 2016/05/16 v1.9 Hooks at the very end of document (HO)
Package atveryend Info: \enddocument detected (standard20110627).
Package: atbegshi 2016/06/09 v1.18 At begin shipout hook (HO)
Package: refcount 2016/05/16 v3.5 Data extraction from label references (HO)
Package: hycolor 2016/05/16 v1.8 Color options for hyperref/bookmark (HO)
) (/usr/sup/texlive-20190115/texmf-dist/tex/latex/graphics/keyval.sty
Package: keyval 2014/10/28 v1.15 key=value parser (DPC)
\KV@toks@=\toks14
)
(/usr/sup/texlive-20190115/texmf-dist/tex/generic/ifxetex/ifxetex.sty
Package: ifxetex 2010/09/12 v0.6 Provides ifxetex conditional
)
(/usr/sup/texlive-20190115/texmf-dist/tex/latex/oberdiek/auxhook.sty
Package: auxhook 2016/05/16 v1.4 Hooks for auxiliary files (HO)
)
(/usr/sup/texlive-20190115/texmf-dist/tex/latex/oberdiek/kvoptions.sty
Package: kvoptions 2016/05/16 v3.12 Key value format for package options (HO)
)
\@linkdim=\dimen102
\Hy@linkcounter=\count80
\Hy@pagecounter=\count81

(/usr/sup/texlive-20190115/texmf-dist/tex/latex/hyperref/pd1enc.def
File: pd1enc.def 2018/11/30 v6.88e Hyperref: PDFDocEncoding definition (HO)
Now handling font encoding PD1 ...
... no UTF-8 mapping file for font encoding PD1
)
\Hy@SavedSpaceFactor=\count82

(/usr/sup/texlive-20190115/texmf-dist/tex/latex/latexconfig/hyperref.cfg
File: hyperref.cfg 2002/06/06 v1.2 hyperref configuration of TeXLive
)

Package hyperref Warning: Invalid value `0'
(hyperref)                for option `pdfborder'.
(hyperref)                Option setting is ignored on input line 4393.

Package hyperref Info: Option `breaklinks' set `true' on input line 4393.

Package hyperref Warning: Values of option `pdfpagemode':
(hyperref)                * `UseNone'
(hyperref)                * `UseOutlines'
(hyperref)                * `UseThumbs'
(hyperref)                * `FullScreen'
(hyperref)                * `UseOC' (PDF 1.5)
(hyperref)                * `UseAttachments' (PDF 1.6)
(hyperref)                * An empty value disables the option.
(hyperref)                Unknown value `None' on input line 4393.

Package hyperref Info: Hyper figures OFF on input line 4519.
Package hyperref Info: Link nesting OFF on input line 4524.
Package hyperref Info: Hyper index ON on input line 4527.
Package hyperref Info: Plain pages OFF on input line 4534.
Package hyperref Info: Backreferencing OFF on input line 4539.
Package hyperref Info: Implicit mode ON; LaTeX internals redefined.
Package hyperref Info: Bookmarks ON on input line 4772.
\c@Hy@tempcnt=\count83
LaTeX Info: Redefining \url on input line 5125.
\XeTeXLinkMargin=\dimen103
\Fld@menulength=\count84
\Field@Width=\dimen104
\Fld@charsize=\dimen105
Package hyperref Info: Hyper figures OFF on input line 6380.
Package hyperref Info: Link nesting OFF on input line 6385.
Package hyperref Info: Hyper index ON on input line 6388.
Package hyperref Info: backreferencing OFF on input line 6395.
Package hyperref Info: Link coloring OFF on input line 6400.
Package hyperref Info: Link coloring with OCG OFF on input line 6405.
Package hyperref Info: PDF/A mode OFF on input line 6410.
LaTeX Info: Redefining \ref on input line 6450.
LaTeX Info: Redefining \pageref on input line 6454.

Package hyperref Warning: Option `pdfpagelabels' is turned off
(hyperref)                because \thepage is undefined.

\c@Item=\count85
\c@Hfootnote=\count86
)
Package hyperref Info: Driver: hpdftex.
 (/usr/sup/texlive-20190115/texmf-dist/tex/latex/hyperref/hpdftex.def
File: hpdftex.def 2018/11/30 v6.88e Hyperref driver for pdfTeX
\Fld@listcount=\count87
\c@bookmark@seq@number=\count88

(/usr/sup/texlive-20190115/texmf-dist/tex/latex/oberdiek/rerunfilecheck.sty
Package: rerunfilecheck 2016/05/16 v1.8 Rerun checks for auxiliary files (HO)
Package uniquecounter Info: New unique counter `rerunfilecheck' on input line 2
82.
)
\Hy@SectionHShift=\skip41
)
(./longtable.sty
Package: longtable 2020/01/07 v4.13 Multi-page Table package (DPC)
\LTleft=\skip42
\LTright=\skip43
\LTpre=\skip44
\LTpost=\skip45
\LTchunksize=\count89
\LTcapwidth=\dimen106
\LT@head=\box27
\LT@firsthead=\box28
\LT@foot=\box29
\LT@lastfoot=\box30
\LT@cols=\count90
\LT@rows=\count91
\c@LT@tables=\count92
\c@LT@chunks=\count93
\c@table=\count94
\LT@p@ftn=\toks15
)
(/usr/sup/texlive-20190115/texmf-dist/tex/latex/graphics/graphicx.sty
Package: graphicx 2017/06/01 v1.1a Enhanced LaTeX Graphics (DPC,SPQR)

(/usr/sup/texlive-20190115/texmf-dist/tex/latex/graphics/graphics.sty
Package: graphics 2017/06/25 v1.2c Standard LaTeX Graphics (DPC,SPQR)

(/usr/sup/texlive-20190115/texmf-dist/tex/latex/graphics/trig.sty
Package: trig 2016/01/03 v1.10 sin cos tan (DPC)
)
(/usr/sup/texlive-20190115/texmf-dist/tex/latex/graphics-cfg/graphics.cfg
File: graphics.cfg 2016/06/04 v1.11 sample graphics configuration
)
Package graphics Info: Driver file: pdftex.def on input line 99.
)
\Gin@req@height=\dimen107
\Gin@req@width=\dimen108
)
(/usr/sup/texlive-20190115/texmf-dist/tex/latex/fancyhdr/fancyhdr.sty
Package: fancyhdr 2017/06/30 v3.9a Extensive control of page headers and footer
s
\f@nch@headwidth=\skip46
\f@nch@O@elh=\skip47
\f@nch@O@erh=\skip48
\f@nch@O@olh=\skip49
\f@nch@O@orh=\skip50
\f@nch@O@elf=\skip51
\f@nch@O@erf=\skip52
\f@nch@O@olf=\skip53
\f@nch@O@orf=\skip54
)
(./moderncvcompatibility.sty
Package: moderncvcompatibility 2006/09/09 v0.5 modern curriculum vitae compatib
ility patches
)
\quotewidth=\skip55
\hintscolumnwidth=\skip56
\separatorcolumnwidth=\skip57
\maincolumnwidth=\skip58
\doubleitemmaincolumnwidth=\skip59
\listitemsymbolwidth=\skip60
LaTeX Font Info:    Try loading font information for OMS+cmr on input line 265.


(/usr/sup/texlive-20190115/texmf-dist/tex/latex/base/omscmr.fd
File: omscmr.fd 2014/09/29 v2.5h Standard LaTeX font definitions
)
LaTeX Font Info:    Font shape `OMS/cmr/m/n' in size <10> not available
(Font)              Font shape `OMS/cmsy/m/n' tried instead on input line 265.
\listdoubleitemmaincolumnwidth=\skip61
\bibindent=\skip62
)
(/usr/sup/texlive-20190115/texmf-dist/tex/latex/lm/lmodern.sty
Package: lmodern 2009/10/30 v1.6 Latin Modern Fonts
LaTeX Font Info:    Overwriting symbol font `operators' in version `normal'
(Font)                  OT1/cmr/m/n --> OT1/lmr/m/n on input line 22.
LaTeX Font Info:    Overwriting symbol font `letters' in version `normal'
(Font)                  OML/cmm/m/it --> OML/lmm/m/it on input line 23.
LaTeX Font Info:    Overwriting symbol font `symbols' in version `normal'
(Font)                  OMS/cmsy/m/n --> OMS/lmsy/m/n on input line 24.
LaTeX Font Info:    Overwriting symbol font `largesymbols' in version `normal'
(Font)                  OMX/cmex/m/n --> OMX/lmex/m/n on input line 25.
LaTeX Font Info:    Overwriting symbol font `operators' in version `bold'
(Font)                  OT1/cmr/bx/n --> OT1/lmr/bx/n on input line 26.
LaTeX Font Info:    Overwriting symbol font `letters' in version `bold'
(Font)                  OML/cmm/b/it --> OML/lmm/b/it on input line 27.
LaTeX Font Info:    Overwriting symbol font `symbols' in version `bold'
(Font)                  OMS/cmsy/b/n --> OMS/lmsy/b/n on input line 28.
LaTeX Font Info:    Overwriting symbol font `largesymbols' in version `bold'
(Font)                  OMX/cmex/m/n --> OMX/lmex/m/n on input line 29.
LaTeX Font Info:    Overwriting math alphabet `\mathbf' in version `normal'
(Font)                  OT1/cmr/bx/n --> OT1/lmr/bx/n on input line 31.
LaTeX Font Info:    Overwriting math alphabet `\mathsf' in version `normal'
(Font)                  OT1/cmss/m/n --> OT1/lmss/m/n on input line 32.
LaTeX Font Info:    Overwriting math alphabet `\mathit' in version `normal'
(Font)                  OT1/cmr/m/it --> OT1/lmr/m/it on input line 33.
LaTeX Font Info:    Overwriting math alphabet `\mathtt' in version `normal'
(Font)                  OT1/cmtt/m/n --> OT1/lmtt/m/n on input line 34.
LaTeX Font Info:    Overwriting math alphabet `\mathbf' in version `bold'
(Font)                  OT1/cmr/bx/n --> OT1/lmr/bx/n on input line 35.
LaTeX Font Info:    Overwriting math alphabet `\mathsf' in version `bold'
(Font)                  OT1/cmss/bx/n --> OT1/lmss/bx/n on input line 36.
LaTeX Font Info:    Overwriting math alphabet `\mathit' in version `bold'
(Font)                  OT1/cmr/bx/it --> OT1/lmr/bx/it on input line 37.
LaTeX Font Info:    Overwriting math alphabet `\mathtt' in version `bold'
(Font)                  OT1/cmtt/m/n --> OT1/lmtt/m/n on input line 38.
)
(/usr/sup/texlive-20190115/texmf-dist/tex/latex/base/inputenc.sty
Package: inputenc 2018/08/11 v1.3c Input encoding file
\inpenc@prehook=\toks16
\inpenc@posthook=\toks17
)
(/usr/sup/texlive-20190115/texmf-dist/tex/latex/multibib/multibib.sty
Package: multibib 2008/12/10 v1.4 Multiple bibliographies for one document.
\mb@biblabelwidth=\count95
)
\@auxoutbook=\write3

(./book.aux)
\openout3 = `book.aux'.

\@auxoutjour=\write4
 (./jour.aux)
\openout4 = `jour.aux'.

\@auxoutmisc=\write5
 (./misc.aux)
\openout5 = `misc.aux'.

\@auxoutconf=\write6
 (./conf.aux)
\openout6 = `conf.aux'.

\@auxoutworkshop=\write7
 (./workshop.aux)
\openout7 = `workshop.aux'.

\@auxoutintro=\write8

(./intro.aux)
\openout8 = `intro.aux'.

 (./vita.aux)
\openout1 = `vita.aux'.

LaTeX Font Info:    Checking defaults for OML/cmm/m/it on input line 76.
LaTeX Font Info:    ... okay on input line 76.
LaTeX Font Info:    Checking defaults for T1/cmr/m/n on input line 76.
LaTeX Font Info:    ... okay on input line 76.
LaTeX Font Info:    Checking defaults for OT1/cmr/m/n on input line 76.
LaTeX Font Info:    ... okay on input line 76.
LaTeX Font Info:    Checking defaults for OMS/cmsy/m/n on input line 76.
LaTeX Font Info:    ... okay on input line 76.
LaTeX Font Info:    Checking defaults for OMX/cmex/m/n on input line 76.
LaTeX Font Info:    ... okay on input line 76.
LaTeX Font Info:    Checking defaults for U/cmr/m/n on input line 76.
LaTeX Font Info:    ... okay on input line 76.
LaTeX Font Info:    Checking defaults for PD1/pdf/m/n on input line 76.
LaTeX Font Info:    ... okay on input line 76.
LaTeX Font Info:    Try loading font information for T1+lmr on input line 76.

(/usr/sup/texlive-20190115/texmf-dist/tex/latex/lm/t1lmr.fd
File: t1lmr.fd 2009/10/30 v1.6 Font defs for Latin Modern
)
(/usr/sup/texlive-20190115/texmf-dist/tex/context/base/mkii/supp-pdf.mkii
[Loading MPS to PDF converter (version 2006.09.02).]
\scratchcounter=\count96
\scratchdimen=\dimen109
\scratchbox=\box31
\nofMPsegments=\count97
\nofMParguments=\count98
\everyMPshowfont=\toks18
\MPscratchCnt=\count99
\MPscratchDim=\dimen110
\MPnumerator=\count100
\makeMPintoPDFobject=\count101
\everyMPtoPDFconversion=\toks19
) (/usr/sup/texlive-20190115/texmf-dist/tex/latex/oberdiek/epstopdf-base.sty
Package: epstopdf-base 2016/05/15 v2.6 Base part for package epstopdf

(/usr/sup/texlive-20190115/texmf-dist/tex/latex/oberdiek/grfext.sty
Package: grfext 2016/05/16 v1.2 Manage graphics extensions (HO)
)
Package epstopdf-base Info: Redefining graphics rule for `.eps' on input line 4
38.
Package grfext Info: Graphics extension search list:
(grfext)             [.pdf,.png,.jpg,.mps,.jpeg,.jbig2,.jb2,.PDF,.PNG,.JPG,.JPE
G,.JBIG2,.JB2,.eps]
(grfext)             \AppendGraphicsExtensions on input line 456.

(/usr/sup/texlive-20190115/texmf-dist/tex/latex/latexconfig/epstopdf-sys.cfg
File: epstopdf-sys.cfg 2010/07/13 v1.3 Configuration of (r)epstopdf for TeX Liv
e
))
\AtBeginShipoutBox=\box32
Package hyperref Info: Link coloring OFF on input line 76.

(/usr/sup/texlive-20190115/texmf-dist/tex/latex/hyperref/nameref.sty
Package: nameref 2016/05/21 v2.44 Cross-referencing by name of section

(/usr/sup/texlive-20190115/texmf-dist/tex/generic/oberdiek/gettitlestring.sty
Package: gettitlestring 2016/05/16 v1.5 Cleanup title references (HO)
)
\c@section@level=\count102
)
LaTeX Info: Redefining \ref on input line 76.
LaTeX Info: Redefining \pageref on input line 76.
LaTeX Info: Redefining \nameref on input line 76.
(./vita.out) (./vita.out)
\@outlinefile=\write9
\openout9 = `vita.out'.

 (./moderncvstylecasual.sty
Package: moderncvstylecasual 2006/09/09 v0.5 modern curriculum vitae style: cas
ual
Package color Info: Redefining color firstnamecolor on input line 59.
Package color Info: Redefining color familynamecolor on input line 60.
Package color Info: Redefining color quotecolor on input line 61.
Package color Info: Redefining color sectionrectanglecolor on input line 62.
Package color Info: Redefining color sectiontitlecolor on input line 63.
)
LaTeX Font Info:    Try loading font information for T1+lmss on input line 77.

(/usr/sup/texlive-20190115/texmf-dist/tex/latex/lm/t1lmss.fd
File: t1lmss.fd 2009/10/30 v1.6 Font defs for Latin Modern
)
Overfull \hbox (7.77776pt too wide) in paragraph at lines 108--108
[]\T1/lmr/m/n/10 -  [] 
 []


Overfull \hbox (7.77776pt too wide) in paragraph at lines 109--109
[]\T1/lmr/m/n/10 -  [] 
 []


Overfull \hbox (7.77776pt too wide) in paragraph at lines 111--111
[]\T1/lmr/m/n/10 -  [] 
 []


Overfull \hbox (7.77776pt too wide) in paragraph at lines 113--113
[]\T1/lmr/m/n/10 -  [] 
 []


Overfull \hbox (7.77776pt too wide) in paragraph at lines 115--115
[]\T1/lmr/m/n/10 -  [] 
 []


Overfull \hbox (7.77776pt too wide) in paragraph at lines 116--116
[]\T1/lmr/m/n/10 -  [] 
 []


Overfull \hbox (7.77776pt too wide) in paragraph at lines 118--118
[]\T1/lmr/m/n/10 -  [] 
 []


Overfull \hbox (7.77776pt too wide) in paragraph at lines 120--120
[]\T1/lmr/m/n/10 -  [] 
 []


Overfull \hbox (7.77776pt too wide) in paragraph at lines 124--124
[]\T1/lmr/m/n/10 -  [] 
 []


Overfull \hbox (7.77776pt too wide) in paragraph at lines 125--125
[]\T1/lmr/m/n/10 -  [] 
 []


Overfull \hbox (7.77776pt too wide) in paragraph at lines 126--126
[]\T1/lmr/m/n/10 -  [] 
 []


Overfull \hbox (7.77776pt too wide) in paragraph at lines 127--127
[]\T1/lmr/m/n/10 -  [] 
 []


Overfull \hbox (7.77776pt too wide) in paragraph at lines 129--129
[]\T1/lmr/m/n/10 -  [] 
 []


Overfull \hbox (7.77776pt too wide) in paragraph at lines 131--131
[]\T1/lmr/m/n/10 -  [] 
 []


Overfull \hbox (7.77776pt too wide) in paragraph at lines 132--132
[]\T1/lmr/m/n/10 -  [] 
 []


Overfull \hbox (7.77776pt too wide) in paragraph at lines 135--135
[]\T1/lmr/m/n/10 -  [] 
 []


Overfull \hbox (7.77776pt too wide) in paragraph at lines 136--136
[]\T1/lmr/m/n/10 -  [] 
 []


Overfull \hbox (7.77776pt too wide) in paragraph at lines 138--138
[]\T1/lmr/m/n/10 -  [] 
 []


Overfull \hbox (7.77776pt too wide) in paragraph at lines 141--141
[]\T1/lmr/m/n/10 -  [] 
 []


Overfull \hbox (7.77776pt too wide) in paragraph at lines 142--142
[]\T1/lmr/m/n/10 -  [] 
 []


Overfull \hbox (7.77776pt too wide) in paragraph at lines 143--143
[]\T1/lmr/m/n/10 -  [] 
 []


Overfull \hbox (7.77776pt too wide) in paragraph at lines 144--144
[]\T1/lmr/m/n/10 -  [] 
 []


Overfull \hbox (7.77776pt too wide) in paragraph at lines 146--146
[]\T1/lmr/m/n/10 -  [] 
 []


Overfull \hbox (7.77776pt too wide) in paragraph at lines 148--148
[]\T1/lmr/m/n/10 -  [] 
 []

LaTeX Font Info:    Try loading font information for OMS+lmss on input line 149
.
LaTeX Font Info:    No file OMSlmss.fd. on input line 149.

LaTeX Font Warning: Font shape `OMS/lmss/m/n' undefined
(Font)              using `OMS/cmsy/m/n' instead
(Font)              for symbol `textbullet' on input line 149.

LaTeX Font Info:    Try loading font information for OT1+lmr on input line 149.

(/usr/sup/texlive-20190115/texmf-dist/tex/latex/lm/ot1lmr.fd
File: ot1lmr.fd 2009/10/30 v1.6 Font defs for Latin Modern
)
LaTeX Font Info:    Try loading font information for OML+lmm on input line 149.


(/usr/sup/texlive-20190115/texmf-dist/tex/latex/lm/omllmm.fd
File: omllmm.fd 2009/10/30 v1.6 Font defs for Latin Modern
)
LaTeX Font Info:    Try loading font information for OMS+lmsy on input line 149
.

(/usr/sup/texlive-20190115/texmf-dist/tex/latex/lm/omslmsy.fd
File: omslmsy.fd 2009/10/30 v1.6 Font defs for Latin Modern
)
LaTeX Font Info:    Try loading font information for OMX+lmex on input line 149
.

(/usr/sup/texlive-20190115/texmf-dist/tex/latex/lm/omxlmex.fd
File: omxlmex.fd 2009/10/30 v1.6 Font defs for Latin Modern
)
LaTeX Font Info:    External font `lmex10' loaded for size
(Font)              <9> on input line 149.
LaTeX Font Info:    External font `lmex10' loaded for size
(Font)              <6> on input line 149.
LaTeX Font Info:    External font `lmex10' loaded for size
(Font)              <5> on input line 149.
 [1

{/usr/sup/texlive-20190115/texmf-var/fonts/map/pdftex/updmap/pdftex.map}] (./jo
ur.bbl
[2] [3] [4]) (./conf.bbl
Underfull \hbox (badness 10000) in paragraph at lines 161--1

 []

[5] [6]) (./workshop.bbl
Underfull \hbox (badness 10000) in paragraph at lines 165--1

 []

[7] [8]) (./book.bbl) (./intro.bbl
Underfull \hbox (badness 10000) in paragraph at lines 173--1

 []

) (./misc.bbl
Underfull \hbox (badness 10000) in paragraph at lines 177--1

 []

[9] [10]) (./grants.tex
Underfull \hbox (badness 3460) in paragraph at lines 33--33
[]\T1/lmr/bx/n/10 National Sci-ence Foun-da-tion (In-no-va-tions in Grad-u-ate 
Ed-u-ca-tion)\T1/lmr/m/n/10 ,
 []

[11]) [12]
Overfull \vbox (3.84935pt too high) has occurred while \output is active []


[13]
Overfull \hbox (7.77776pt too wide) in paragraph at lines 204--204
[]\T1/lmr/m/n/10 -  [] 
 []


Overfull \hbox (8.88885pt too wide) in paragraph at lines 204--204
[]    [] 
 []


Overfull \hbox (7.77776pt too wide) in paragraph at lines 205--205
[]\T1/lmr/m/n/10 -  [] 
 []


Overfull \hbox (8.88885pt too wide) in paragraph at lines 205--205
[]    [] 
 []


Overfull \hbox (7.77776pt too wide) in paragraph at lines 206--206
[]\T1/lmr/m/n/10 -  [] 
 []


Overfull \hbox (8.88885pt too wide) in paragraph at lines 206--206
[]    [] 
 []


Overfull \hbox (7.77776pt too wide) in paragraph at lines 207--207
[]\T1/lmr/m/n/10 -  [] 
 []


Overfull \hbox (8.88885pt too wide) in paragraph at lines 207--207
[]    [] 
 []


Overfull \hbox (7.77776pt too wide) in paragraph at lines 208--208
[]\T1/lmr/m/n/10 -  [] 
 []


Overfull \hbox (8.88885pt too wide) in paragraph at lines 208--208
[]    [] 
 []


Overfull \hbox (7.77776pt too wide) in paragraph at lines 209--209
[]\T1/lmr/m/n/10 -  [] 
 []


Overfull \hbox (8.88885pt too wide) in paragraph at lines 209--209
[]    [] 
 []


Overfull \hbox (7.77776pt too wide) in paragraph at lines 210--210
[]\T1/lmr/m/n/10 -  [] 
 []


Overfull \hbox (8.88885pt too wide) in paragraph at lines 210--210
[]    [] 
 []


Overfull \hbox (7.77776pt too wide) in paragraph at lines 211--211
[]\T1/lmr/m/n/10 -  [] 
 []


Overfull \hbox (8.88885pt too wide) in paragraph at lines 211--211
[]    [] 
 []


Overfull \hbox (7.77776pt too wide) in paragraph at lines 212--212
[]\T1/lmr/m/n/10 -  [] 
 []


Overfull \hbox (8.88885pt too wide) in paragraph at lines 212--212
[]    [] 
 []


Overfull \hbox (7.77776pt too wide) in paragraph at lines 213--213
[]\T1/lmr/m/n/10 -  [] 
 []


Overfull \hbox (8.88885pt too wide) in paragraph at lines 213--213
[]    [] 
 []


Overfull \hbox (7.77776pt too wide) in paragraph at lines 214--214
[]\T1/lmr/m/n/10 -  [] 
 []


Overfull \hbox (8.88885pt too wide) in paragraph at lines 214--214
[]    [] 
 []


Overfull \hbox (7.77776pt too wide) in paragraph at lines 215--215
[]\T1/lmr/m/n/10 -  [] 
 []


Overfull \hbox (7.77776pt too wide) in paragraph at lines 216--216
[]\T1/lmr/m/n/10 -  [] 
 []


Overfull \hbox (8.88885pt too wide) in paragraph at lines 216--216
[]    [] 
 []


Overfull \hbox (7.77776pt too wide) in paragraph at lines 217--217
[]\T1/lmr/m/n/10 -  [] 
 []


Overfull \hbox (8.88885pt too wide) in paragraph at lines 217--217
[]    [] 
 []


Overfull \hbox (7.77776pt too wide) in paragraph at lines 218--218
[]\T1/lmr/m/n/10 -  [] 
 []


Overfull \hbox (8.88885pt too wide) in paragraph at lines 218--218
[]    [] 
 []


Overfull \hbox (7.77776pt too wide) in paragraph at lines 219--219
[]\T1/lmr/m/n/10 -  [] 
 []


Overfull \hbox (7.77776pt too wide) in paragraph at lines 220--220
[]\T1/lmr/m/n/10 -  [] 
 []


Overfull \hbox (7.77776pt too wide) in paragraph at lines 221--221
[]\T1/lmr/m/n/10 -  [] 
 []


Overfull \hbox (8.88885pt too wide) in paragraph at lines 221--221
[]    [] 
 []


Overfull \hbox (7.77776pt too wide) in paragraph at lines 222--222
[]\T1/lmr/m/n/10 -  [] 
 []


Overfull \hbox (8.88885pt too wide) in paragraph at lines 222--222
[]    [] 
 []


Overfull \hbox (7.77776pt too wide) in paragraph at lines 223--223
[]\T1/lmr/m/n/10 -  [] 
 []


Overfull \hbox (8.88885pt too wide) in paragraph at lines 223--223
[]    [] 
 []


Overfull \hbox (7.77776pt too wide) in paragraph at lines 224--224
[]\T1/lmr/m/n/10 -  [] 
 []


Overfull \hbox (8.88885pt too wide) in paragraph at lines 224--224
[]    [] 
 []


Overfull \hbox (7.77776pt too wide) in paragraph at lines 225--225
[]\T1/lmr/m/n/10 -  [] 
 []


Overfull \hbox (7.77776pt too wide) in paragraph at lines 226--226
[]\T1/lmr/m/n/10 -  [] 
 []


Overfull \hbox (8.88885pt too wide) in paragraph at lines 226--226
[]    [] 
 []


Overfull \hbox (7.77776pt too wide) in paragraph at lines 227--227
[]\T1/lmr/m/n/10 -  [] 
 []


Overfull \hbox (7.77776pt too wide) in paragraph at lines 228--228
[]\T1/lmr/m/n/10 -  [] 
 []


Overfull \hbox (8.88885pt too wide) in paragraph at lines 228--228
[]    [] 
 []


Overfull \hbox (7.77776pt too wide) in paragraph at lines 229--229
[]\T1/lmr/m/n/10 -  [] 
 []


Overfull \hbox (7.77776pt too wide) in paragraph at lines 230--230
[]\T1/lmr/m/n/10 -  [] 
 []


Overfull \hbox (8.88885pt too wide) in paragraph at lines 230--230
[]    [] 
 []


Overfull \hbox (7.77776pt too wide) in paragraph at lines 231--231
[]\T1/lmr/m/n/10 -  [] 
 []


Overfull \hbox (8.88885pt too wide) in paragraph at lines 231--231
[]    [] 
 []


Overfull \hbox (7.77776pt too wide) in paragraph at lines 232--232
[]\T1/lmr/m/n/10 -  [] 
 []


Overfull \hbox (8.88885pt too wide) in paragraph at lines 232--232
[]    [] 
 []


Overfull \hbox (7.77776pt too wide) in paragraph at lines 237--237
[]\T1/lmr/m/n/10 -  [] 
 []


Overfull \hbox (7.77776pt too wide) in paragraph at lines 239--239
[]\T1/lmr/m/n/10 -  [] 
 []


Overfull \hbox (7.77776pt too wide) in paragraph at lines 241--241
[]\T1/lmr/m/n/10 -  [] 
 []


Overfull \hbox (7.77776pt too wide) in paragraph at lines 242--242
[]\T1/lmr/m/n/10 -  [] 
 []


Overfull \hbox (7.77776pt too wide) in paragraph at lines 243--243
[]\T1/lmr/m/n/10 -  [] 
 []


Overfull \hbox (7.77776pt too wide) in paragraph at lines 244--244
[]\T1/lmr/m/n/10 -  [] 
 []


Overfull \hbox (7.77776pt too wide) in paragraph at lines 245--245
[]\T1/lmr/m/n/10 -  [] 
 []


Overfull \hbox (7.77776pt too wide) in paragraph at lines 246--246
[]\T1/lmr/m/n/10 -  [] 
 []


Overfull \hbox (7.77776pt too wide) in paragraph at lines 247--247
[]\T1/lmr/m/n/10 -  [] 
 []


Overfull \hbox (7.77776pt too wide) in paragraph at lines 248--248
[]\T1/lmr/m/n/10 -  [] 
 []


Overfull \hbox (7.77776pt too wide) in paragraph at lines 249--249
[]\T1/lmr/m/n/10 -  [] 
 []


Overfull \hbox (7.77776pt too wide) in paragraph at lines 250--250
[]\T1/lmr/m/n/10 -  [] 
 []


Overfull \hbox (7.77776pt too wide) in paragraph at lines 251--251
[]\T1/lmr/m/n/10 -  [] 
 []


Overfull \hbox (7.77776pt too wide) in paragraph at lines 252--252
[]\T1/lmr/m/n/10 -  [] 
 []


Overfull \hbox (7.77776pt too wide) in paragraph at lines 253--253
[]\T1/lmr/m/n/10 -  [] 
 []


Overfull \hbox (7.77776pt too wide) in paragraph at lines 254--254
[]\T1/lmr/m/n/10 -  [] 
 []


Overfull \hbox (7.77776pt too wide) in paragraph at lines 255--255
[]\T1/lmr/m/n/10 -  [] 
 []


Overfull \hbox (7.77776pt too wide) in paragraph at lines 256--256
[]\T1/lmr/m/n/10 -  [] 
 []


Overfull \hbox (7.77776pt too wide) in paragraph at lines 257--257
[]\T1/lmr/m/n/10 -  [] 
 []


Overfull \hbox (7.77776pt too wide) in paragraph at lines 258--258
[]\T1/lmr/m/n/10 -  [] 
 []


Overfull \hbox (7.77776pt too wide) in paragraph at lines 259--259
[]\T1/lmr/m/n/10 -  [] 
 []


Overfull \hbox (7.77776pt too wide) in paragraph at lines 260--260
[]\T1/lmr/m/n/10 -  [] 
 []


Overfull \hbox (7.77776pt too wide) in paragraph at lines 261--261
[]\T1/lmr/m/n/10 -  [] 
 []


Overfull \hbox (7.77776pt too wide) in paragraph at lines 262--262
[]\T1/lmr/m/n/10 -  [] 
 []


Overfull \hbox (7.77776pt too wide) in paragraph at lines 263--263
[]\T1/lmr/m/n/10 -  [] 
 []

[14]
Overfull \hbox (7.77776pt too wide) in paragraph at lines 264--264
[]\T1/lmr/m/n/10 -  [] 
 []


Overfull \hbox (7.77776pt too wide) in paragraph at lines 265--265
[]\T1/lmr/m/n/10 -  [] 
 []


Overfull \hbox (7.77776pt too wide) in paragraph at lines 266--266
[]\T1/lmr/m/n/10 -  [] 
 []


Overfull \hbox (7.77776pt too wide) in paragraph at lines 269--269
[]\T1/lmr/m/n/10 -  [] 
 []


Overfull \hbox (7.77776pt too wide) in paragraph at lines 271--271
[]\T1/lmr/m/n/10 -  [] 
 []


Overfull \hbox (7.77776pt too wide) in paragraph at lines 272--272
[]\T1/lmr/m/n/10 -  [] 
 []


Overfull \hbox (7.77776pt too wide) in paragraph at lines 273--273
[]\T1/lmr/m/n/10 -  [] 
 []


Overfull \hbox (7.77776pt too wide) in paragraph at lines 274--274
[]\T1/lmr/m/n/10 -  [] 
 []


Overfull \hbox (7.77776pt too wide) in paragraph at lines 275--275
[]\T1/lmr/m/n/10 -  [] 
 []


Overfull \hbox (7.77776pt too wide) in paragraph at lines 276--276
[]\T1/lmr/m/n/10 -  [] 
 []


Overfull \hbox (7.77776pt too wide) in paragraph at lines 277--277
[]\T1/lmr/m/n/10 -  [] 
 []


Overfull \hbox (7.77776pt too wide) in paragraph at lines 278--278
[]\T1/lmr/m/n/10 -  [] 
 []


Overfull \hbox (7.77776pt too wide) in paragraph at lines 279--279
[]\T1/lmr/m/n/10 -  [] 
 []


Overfull \hbox (7.77776pt too wide) in paragraph at lines 280--280
[]\T1/lmr/m/n/10 -  [] 
 []


Overfull \hbox (7.77776pt too wide) in paragraph at lines 281--281
[]\T1/lmr/m/n/10 -  [] 
 []


Overfull \hbox (7.77776pt too wide) in paragraph at lines 282--282
[]\T1/lmr/m/n/10 -  [] 
 []


Overfull \hbox (7.77776pt too wide) in paragraph at lines 283--283
[]\T1/lmr/m/n/10 -  [] 
 []


Overfull \hbox (7.77776pt too wide) in paragraph at lines 284--284
[]\T1/lmr/m/n/10 -  [] 
 []


Overfull \hbox (7.77776pt too wide) in paragraph at lines 285--285
[]\T1/lmr/m/n/10 -  [] 
 []


Overfull \hbox (7.77776pt too wide) in paragraph at lines 286--286
[]\T1/lmr/m/n/10 -  [] 
 []


Overfull \hbox (7.77776pt too wide) in paragraph at lines 287--287
[]\T1/lmr/m/n/10 -  [] 
 []


Overfull \hbox (7.77776pt too wide) in paragraph at lines 288--288
[]\T1/lmr/m/n/10 -  [] 
 []


Overfull \hbox (7.77776pt too wide) in paragraph at lines 289--289
[]\T1/lmr/m/n/10 -  [] 
 []


Overfull \hbox (7.77776pt too wide) in paragraph at lines 290--290
[]\T1/lmr/m/n/10 -  [] 
 []


Overfull \hbox (7.77776pt too wide) in paragraph at lines 291--291
[]\T1/lmr/m/n/10 -  [] 
 []

[15]
Overfull \hbox (7.77776pt too wide) in paragraph at lines 299--299
[]\T1/lmr/m/n/10 -  [] 
 []


Overfull \hbox (7.77776pt too wide) in paragraph at lines 300--300
[]\T1/lmr/m/n/10 -  [] 
 []


Overfull \hbox (7.77776pt too wide) in paragraph at lines 301--301
[]\T1/lmr/m/n/10 -  [] 
 []


Overfull \hbox (7.77776pt too wide) in paragraph at lines 302--302
[]\T1/lmr/m/n/10 -  [] 
 []


Overfull \hbox (7.77776pt too wide) in paragraph at lines 303--303
[]\T1/lmr/m/n/10 -  [] 
 []


Overfull \hbox (7.77776pt too wide) in paragraph at lines 304--304
[]\T1/lmr/m/n/10 -  [] 
 []


Overfull \hbox (7.77776pt too wide) in paragraph at lines 305--305
[]\T1/lmr/m/n/10 -  [] 
 []


Overfull \hbox (7.77776pt too wide) in paragraph at lines 306--306
[]\T1/lmr/m/n/10 -  [] 
 []


Overfull \hbox (7.77776pt too wide) in paragraph at lines 307--307
[]\T1/lmr/m/n/10 -  [] 
 []


Overfull \hbox (7.77776pt too wide) in paragraph at lines 308--308
[]\T1/lmr/m/n/10 -  [] 
 []


Overfull \hbox (7.77776pt too wide) in paragraph at lines 309--309
[]\T1/lmr/m/n/10 -  [] 
 []


Overfull \hbox (7.77776pt too wide) in paragraph at lines 310--310
[]\T1/lmr/m/n/10 -  [] 
 []


Overfull \hbox (7.77776pt too wide) in paragraph at lines 311--311
[]\T1/lmr/m/n/10 -  [] 
 []


Overfull \hbox (7.77776pt too wide) in paragraph at lines 312--312
[]\T1/lmr/m/n/10 -  [] 
 []


Overfull \hbox (7.77776pt too wide) in paragraph at lines 313--313
[]\T1/lmr/m/n/10 -  [] 
 []


Overfull \hbox (7.77776pt too wide) in paragraph at lines 314--314
[]\T1/lmr/m/n/10 -  [] 
 []


Overfull \hbox (7.77776pt too wide) in paragraph at lines 315--315
[]\T1/lmr/m/n/10 -  [] 
 []


Overfull \hbox (7.77776pt too wide) in paragraph at lines 316--316
[]\T1/lmr/m/n/10 -  [] 
 []


Overfull \hbox (7.77776pt too wide) in paragraph at lines 317--317
[]\T1/lmr/m/n/10 -  [] 
 []


Overfull \hbox (7.77776pt too wide) in paragraph at lines 318--318
[]\T1/lmr/m/n/10 -  [] 
 []


Overfull \hbox (7.77776pt too wide) in paragraph at lines 319--319
[]\T1/lmr/m/n/10 -  [] 
 []


Overfull \hbox (7.77776pt too wide) in paragraph at lines 320--320
[]\T1/lmr/m/n/10 -  [] 
 []


Overfull \hbox (7.77776pt too wide) in paragraph at lines 321--321
[]\T1/lmr/m/n/10 -  [] 
 []


Overfull \hbox (7.77776pt too wide) in paragraph at lines 322--322
[]\T1/lmr/m/n/10 -  [] 
 []


Overfull \hbox (7.77776pt too wide) in paragraph at lines 323--323
[]\T1/lmr/m/n/10 -  [] 
 []


Overfull \hbox (7.77776pt too wide) in paragraph at lines 324--324
[]\T1/lmr/m/n/10 -  [] 
 []


Overfull \hbox (7.77776pt too wide) in paragraph at lines 325--325
[]\T1/lmr/m/n/10 -  [] 
 []


Overfull \hbox (7.77776pt too wide) in paragraph at lines 326--326
[]\T1/lmr/m/n/10 -  [] 
 []


Overfull \hbox (7.77776pt too wide) in paragraph at lines 327--327
[]\T1/lmr/m/n/10 -  [] 
 []


Overfull \hbox (7.77776pt too wide) in paragraph at lines 328--328
[]\T1/lmr/m/n/10 -  [] 
 []


Overfull \hbox (7.77776pt too wide) in paragraph at lines 329--329
[]\T1/lmr/m/n/10 -  [] 
 []


Overfull \hbox (7.77776pt too wide) in paragraph at lines 330--330
[]\T1/lmr/m/n/10 -  [] 
 []


Overfull \hbox (7.77776pt too wide) in paragraph at lines 331--331
[]\T1/lmr/m/n/10 -  [] 
 []


Overfull \hbox (7.77776pt too wide) in paragraph at lines 334--334
[]\T1/lmr/m/n/10 -  [] 
 []


Overfull \hbox (7.77776pt too wide) in paragraph at lines 335--335
[]\T1/lmr/m/n/10 -  [] 
 []


Overfull \hbox (7.77776pt too wide) in paragraph at lines 336--336
[]\T1/lmr/m/n/10 -  [] 
 []


Overfull \hbox (7.77776pt too wide) in paragraph at lines 337--337
[]\T1/lmr/m/n/10 -  [] 
 []


Overfull \hbox (7.77776pt too wide) in paragraph at lines 338--338
[]\T1/lmr/m/n/10 -  [] 
 []


Overfull \hbox (7.77776pt too wide) in paragraph at lines 339--339
[]\T1/lmr/m/n/10 -  [] 
 []


Overfull \hbox (7.77776pt too wide) in paragraph at lines 342--342
[]\T1/lmr/m/n/10 -  [] 
 []


Overfull \hbox (7.77776pt too wide) in paragraph at lines 343--343
[]\T1/lmr/m/n/10 -  [] 
 []


Overfull \hbox (7.77776pt too wide) in paragraph at lines 344--344
[]\T1/lmr/m/n/10 -  [] 
 []


Overfull \hbox (7.77776pt too wide) in paragraph at lines 345--345
[]\T1/lmr/m/n/10 -  [] 
 []


Overfull \hbox (7.77776pt too wide) in paragraph at lines 346--346
[]\T1/lmr/m/n/10 -  [] 
 []


Overfull \hbox (7.77776pt too wide) in paragraph at lines 347--347
[]\T1/lmr/m/n/10 -  [] 
 []


Overfull \hbox (7.77776pt too wide) in paragraph at lines 348--348
[]\T1/lmr/m/n/10 -  [] 
 []


Overfull \hbox (7.77776pt too wide) in paragraph at lines 349--349
[]\T1/lmr/m/n/10 -  [] 
 []


Overfull \hbox (7.77776pt too wide) in paragraph at lines 350--350
[]\T1/lmr/m/n/10 -  [] 
 []


Overfull \hbox (7.77776pt too wide) in paragraph at lines 351--351
[]\T1/lmr/m/n/10 -  [] 
 []


Overfull \hbox (7.77776pt too wide) in paragraph at lines 352--352
[]\T1/lmr/m/n/10 -  [] 
 []


Overfull \hbox (7.77776pt too wide) in paragraph at lines 353--353
[]\T1/lmr/m/n/10 -  [] 
 []


Overfull \hbox (7.77776pt too wide) in paragraph at lines 354--354
[]\T1/lmr/m/n/10 -  [] 
 []


Overfull \hbox (7.77776pt too wide) in paragraph at lines 355--355
[]\T1/lmr/m/n/10 -  [] 
 []


Overfull \hbox (7.77776pt too wide) in paragraph at lines 356--356
[]\T1/lmr/m/n/10 -  [] 
 []


Overfull \hbox (7.77776pt too wide) in paragraph at lines 357--357
[]\T1/lmr/m/n/10 -  [] 
 []


Overfull \hbox (7.77776pt too wide) in paragraph at lines 358--358
[]\T1/lmr/m/n/10 -  [] 
 []


Overfull \hbox (7.77776pt too wide) in paragraph at lines 359--359
[]\T1/lmr/m/n/10 -  [] 
 []


Overfull \hbox (7.77776pt too wide) in paragraph at lines 360--360
[]\T1/lmr/m/n/10 -  [] 
 []


Overfull \hbox (7.77776pt too wide) in paragraph at lines 361--361
[]\T1/lmr/m/n/10 -  [] 
 []


Overfull \hbox (7.77776pt too wide) in paragraph at lines 362--362
[]\T1/lmr/m/n/10 -  [] 
 []


Overfull \hbox (7.77776pt too wide) in paragraph at lines 363--363
[]\T1/lmr/m/n/10 -  [] 
 []


Overfull \hbox (7.77776pt too wide) in paragraph at lines 364--364
[]\T1/lmr/m/n/10 -  [] 
 []


Overfull \hbox (7.77776pt too wide) in paragraph at lines 365--365
[]\T1/lmr/m/n/10 -  [] 
 []


Overfull \hbox (7.77776pt too wide) in paragraph at lines 366--366
[]\T1/lmr/m/n/10 -  [] 
 []


Overfull \hbox (7.77776pt too wide) in paragraph at lines 367--367
[]\T1/lmr/m/n/10 -  [] 
 []


Overfull \hbox (7.77776pt too wide) in paragraph at lines 368--368
[]\T1/lmr/m/n/10 -  [] 
 []


Overfull \hbox (7.77776pt too wide) in paragraph at lines 369--369
[]\T1/lmr/m/n/10 -  [] 
 []


Overfull \hbox (7.77776pt too wide) in paragraph at lines 370--370
[]\T1/lmr/m/n/10 -  [] 
 []


Overfull \hbox (7.77776pt too wide) in paragraph at lines 371--371
[]\T1/lmr/m/n/10 -  [] 
 []


Overfull \hbox (7.77776pt too wide) in paragraph at lines 372--372
[]\T1/lmr/m/n/10 -  [] 
 []


Overfull \hbox (7.77776pt too wide) in paragraph at lines 375--375
[]\T1/lmr/m/n/10 -  [] 
 []


Overfull \hbox (7.77776pt too wide) in paragraph at lines 376--376
[]\T1/lmr/m/n/10 -  [] 
 []


Overfull \hbox (7.77776pt too wide) in paragraph at lines 377--377
[]\T1/lmr/m/n/10 -  [] 
 []


Overfull \hbox (7.77776pt too wide) in paragraph at lines 378--378
[]\T1/lmr/m/n/10 -  [] 
 []


Overfull \hbox (7.77776pt too wide) in paragraph at lines 379--379
[]\T1/lmr/m/n/10 -  [] 
 []


Overfull \hbox (7.77776pt too wide) in paragraph at lines 380--380
[]\T1/lmr/m/n/10 -  [] 
 []


Overfull \hbox (7.77776pt too wide) in paragraph at lines 381--381
[]\T1/lmr/m/n/10 -  [] 
 []


Overfull \hbox (7.77776pt too wide) in paragraph at lines 382--382
[]\T1/lmr/m/n/10 -  [] 
 []

[16]
Overfull \hbox (7.77776pt too wide) in paragraph at lines 383--383
[]\T1/lmr/m/n/10 -  [] 
 []


Overfull \hbox (7.77776pt too wide) in paragraph at lines 384--384
[]\T1/lmr/m/n/10 -  [] 
 []


Overfull \hbox (7.77776pt too wide) in paragraph at lines 385--385
[]\T1/lmr/m/n/10 -  [] 
 []


Overfull \hbox (7.77776pt too wide) in paragraph at lines 386--386
[]\T1/lmr/m/n/10 -  [] 
 []


Overfull \hbox (7.77776pt too wide) in paragraph at lines 387--387
[]\T1/lmr/m/n/10 -  [] 
 []


Overfull \hbox (7.77776pt too wide) in paragraph at lines 388--388
[]\T1/lmr/m/n/10 -  [] 
 []


Overfull \hbox (7.77776pt too wide) in paragraph at lines 389--389
[]\T1/lmr/m/n/10 -  [] 
 []


Overfull \hbox (7.77776pt too wide) in paragraph at lines 390--390
[]\T1/lmr/m/n/10 -  [] 
 []


Overfull \hbox (7.77776pt too wide) in paragraph at lines 393--393
[]\T1/lmr/m/n/10 -  [] 
 []


Overfull \hbox (7.77776pt too wide) in paragraph at lines 394--394
[]\T1/lmr/m/n/10 -  [] 
 []


Overfull \hbox (7.77776pt too wide) in paragraph at lines 395--395
[]\T1/lmr/m/n/10 -  [] 
 []


Overfull \hbox (7.77776pt too wide) in paragraph at lines 396--396
[]\T1/lmr/m/n/10 -  [] 
 []


Overfull \hbox (7.77776pt too wide) in paragraph at lines 397--397
[]\T1/lmr/m/n/10 -  [] 
 []


Overfull \hbox (7.77776pt too wide) in paragraph at lines 398--398
[]\T1/lmr/m/n/10 -  [] 
 []


Overfull \hbox (7.77776pt too wide) in paragraph at lines 399--399
[]\T1/lmr/m/n/10 -  [] 
 []


Overfull \hbox (7.77776pt too wide) in paragraph at lines 400--400
[]\T1/lmr/m/n/10 -  [] 
 []

[17] (./talks.tex [18] [19] [20]) [21] [22] [23] [24] [25] [26] [27]
Overfull \hbox (7.77776pt too wide) in paragraph at lines 633--633
[]\T1/lmr/m/n/10 -  [] 
 []


Overfull \hbox (7.77776pt too wide) in paragraph at lines 636--636
[]\T1/lmr/m/n/10 -  [] 
 []


Overfull \hbox (7.77776pt too wide) in paragraph at lines 639--639
[]\T1/lmr/m/n/10 -  [] 
 []


Overfull \hbox (7.77776pt too wide) in paragraph at lines 640--640
[]\T1/lmr/m/n/10 -  [] 
 []


Overfull \hbox (7.77776pt too wide) in paragraph at lines 643--643
[]\T1/lmr/m/n/10 -  [] 
 []


Overfull \hbox (7.77776pt too wide) in paragraph at lines 647--647
[]\T1/lmr/m/n/10 -  [] 
 []


Overfull \hbox (7.77776pt too wide) in paragraph at lines 651--651
[]\T1/lmr/m/n/10 -  [] 
 []


Overfull \hbox (7.77776pt too wide) in paragraph at lines 652--652
[]\T1/lmr/m/n/10 -  [] 
 []


Overfull \hbox (7.77776pt too wide) in paragraph at lines 655--655
[]\T1/lmr/m/n/10 -  [] 
 []


Overfull \hbox (7.77776pt too wide) in paragraph at lines 658--658
[]\T1/lmr/m/n/10 -  [] 
 []


Overfull \hbox (7.77776pt too wide) in paragraph at lines 659--659
[]\T1/lmr/m/n/10 -  [] 
 []


Overfull \hbox (7.77776pt too wide) in paragraph at lines 662--662
[]\T1/lmr/m/n/10 -  [] 
 []


Overfull \hbox (7.77776pt too wide) in paragraph at lines 663--663
[]\T1/lmr/m/n/10 -  [] 
 []


Overfull \hbox (7.77776pt too wide) in paragraph at lines 666--666
[]\T1/lmr/m/n/10 -  [] 
 []


Overfull \hbox (7.77776pt too wide) in paragraph at lines 667--667
[]\T1/lmr/m/n/10 -  [] 
 []


Overfull \hbox (7.77776pt too wide) in paragraph at lines 670--670
[]\T1/lmr/m/n/10 -  [] 
 []


Overfull \hbox (7.77776pt too wide) in paragraph at lines 673--673
[]\T1/lmr/m/n/10 -  [] 
 []


Overfull \hbox (7.77776pt too wide) in paragraph at lines 674--674
[]\T1/lmr/m/n/10 -  [] 
 []


Overfull \hbox (7.77776pt too wide) in paragraph at lines 675--675
[]\T1/lmr/m/n/10 -  [] 
 []


Overfull \hbox (7.77776pt too wide) in paragraph at lines 678--678
[]\T1/lmr/m/n/10 -  [] 
 []


Overfull \hbox (7.77776pt too wide) in paragraph at lines 679--679
[]\T1/lmr/m/n/10 -  [] 
 []


Overfull \hbox (7.77776pt too wide) in paragraph at lines 681--681
[]\T1/lmr/m/n/10 -  [] 
 []


Overfull \hbox (7.77776pt too wide) in paragraph at lines 682--682
[]\T1/lmr/m/n/10 -  [] 
 []


Overfull \hbox (7.77776pt too wide) in paragraph at lines 683--683
[]\T1/lmr/m/n/10 -  [] 
 []


Overfull \hbox (7.77776pt too wide) in paragraph at lines 684--684
[]\T1/lmr/m/n/10 -  [] 
 []


Overfull \hbox (7.77776pt too wide) in paragraph at lines 685--685
[]\T1/lmr/m/n/10 -  [] 
 []


Overfull \hbox (7.77776pt too wide) in paragraph at lines 687--687
[]\T1/lmr/m/n/10 -  [] 
 []


Overfull \hbox (7.77776pt too wide) in paragraph at lines 688--688
[]\T1/lmr/m/n/10 -  [] 
 []


Overfull \hbox (7.77776pt too wide) in paragraph at lines 689--689
[]\T1/lmr/m/n/10 -  [] 
 []


Overfull \hbox (7.77776pt too wide) in paragraph at lines 690--690
[]\T1/lmr/m/n/10 -  [] 
 []


Overfull \hbox (7.77776pt too wide) in paragraph at lines 695--695
[]\T1/lmr/m/n/10 -  [] 
 []


Overfull \hbox (7.77776pt too wide) in paragraph at lines 697--697
[]\T1/lmr/m/n/10 -  [] 
 []


Overfull \hbox (7.77776pt too wide) in paragraph at lines 699--699
[]\T1/lmr/m/n/10 -  [] 
 []


Overfull \hbox (7.77776pt too wide) in paragraph at lines 700--700
[]\T1/lmr/m/n/10 -  [] 
 []


Overfull \hbox (7.77776pt too wide) in paragraph at lines 701--701
[]\T1/lmr/m/n/10 -  [] 
 []


Overfull \hbox (7.77776pt too wide) in paragraph at lines 703--703
[]\T1/lmr/m/n/10 -  [] 
 []


Overfull \hbox (7.77776pt too wide) in paragraph at lines 704--704
[]\T1/lmr/m/n/10 -  [] 
 []


Overfull \hbox (7.77776pt too wide) in paragraph at lines 706--706
[]\T1/lmr/m/n/10 -  [] 
 []


Overfull \hbox (7.77776pt too wide) in paragraph at lines 707--707
[]\T1/lmr/m/n/10 -  [] 
 []


Overfull \hbox (7.77776pt too wide) in paragraph at lines 709--709
[]\T1/lmr/m/n/10 -  [] 
 []


Overfull \hbox (7.77776pt too wide) in paragraph at lines 710--710
[]\T1/lmr/m/n/10 -  [] 
 []


Overfull \hbox (7.77776pt too wide) in paragraph at lines 711--711
[]\T1/lmr/m/n/10 -  [] 
 []


Overfull \hbox (7.77776pt too wide) in paragraph at lines 713--713
[]\T1/lmr/m/n/10 -  [] 
 []


Overfull \hbox (7.77776pt too wide) in paragraph at lines 714--714
[]\T1/lmr/m/n/10 -  [] 
 []


Overfull \hbox (7.77776pt too wide) in paragraph at lines 716--716
[]\T1/lmr/m/n/10 -  [] 
 []


Overfull \hbox (7.77776pt too wide) in paragraph at lines 717--717
[]\T1/lmr/m/n/10 -  [] 
 []


Overfull \hbox (7.77776pt too wide) in paragraph at lines 718--718
[]\T1/lmr/m/n/10 -  [] 
 []


Overfull \hbox (7.77776pt too wide) in paragraph at lines 720--720
[]\T1/lmr/m/n/10 -  [] 
 []


Overfull \hbox (7.77776pt too wide) in paragraph at lines 721--721
[]\T1/lmr/m/n/10 -  [] 
 []


Overfull \hbox (7.77776pt too wide) in paragraph at lines 723--723
[]\T1/lmr/m/n/10 -  [] 
 []


Overfull \hbox (7.77776pt too wide) in paragraph at lines 725--725
[]\T1/lmr/m/n/10 -  [] 
 []


Overfull \hbox (7.77776pt too wide) in paragraph at lines 727--727
[]\T1/lmr/m/n/10 -  [] 
 []

[28]
Overfull \hbox (7.77776pt too wide) in paragraph at lines 739--739
[]\T1/lmr/m/n/10 -  [] 
 []


Overfull \hbox (7.77776pt too wide) in paragraph at lines 740--740
[]\T1/lmr/m/n/10 -  [] 
 []


Overfull \hbox (7.77776pt too wide) in paragraph at lines 741--741
[]\T1/lmr/m/n/10 -  [] 
 []


Overfull \hbox (7.77776pt too wide) in paragraph at lines 742--742
[]\T1/lmr/m/n/10 -  [] 
 []


Overfull \hbox (7.77776pt too wide) in paragraph at lines 743--743
[]\T1/lmr/m/n/10 -  [] 
 []


Overfull \hbox (7.77776pt too wide) in paragraph at lines 744--744
[]\T1/lmr/m/n/10 -  [] 
 []


Overfull \hbox (7.77776pt too wide) in paragraph at lines 745--745
[]\T1/lmr/m/n/10 -  [] 
 []


Overfull \hbox (7.77776pt too wide) in paragraph at lines 746--746
[]\T1/lmr/m/n/10 -  [] 
 []


Overfull \hbox (7.77776pt too wide) in paragraph at lines 747--747
[]\T1/lmr/m/n/10 -  [] 
 []


Overfull \hbox (7.77776pt too wide) in paragraph at lines 748--748
[]\T1/lmr/m/n/10 -  [] 
 []


Overfull \hbox (7.77776pt too wide) in paragraph at lines 749--749
[]\T1/lmr/m/n/10 -  [] 
 []


Overfull \hbox (7.77776pt too wide) in paragraph at lines 750--750
[]\T1/lmr/m/n/10 -  [] 
 []


Overfull \hbox (7.77776pt too wide) in paragraph at lines 753--753
[]\T1/lmr/m/n/10 -  [] 
 []


Overfull \hbox (7.77776pt too wide) in paragraph at lines 755--755
[]\T1/lmr/m/n/10 -  [] 
 []


Overfull \hbox (7.77776pt too wide) in paragraph at lines 756--756
[]\T1/lmr/m/n/10 -  [] 
 []


Overfull \hbox (7.77776pt too wide) in paragraph at lines 757--757
[]\T1/lmr/m/n/10 -  [] 
 []


Overfull \hbox (7.77776pt too wide) in paragraph at lines 758--758
[]\T1/lmr/m/n/10 -  [] 
 []


Overfull \hbox (7.77776pt too wide) in paragraph at lines 759--759
[]\T1/lmr/m/n/10 -  [] 
 []


Overfull \hbox (7.77776pt too wide) in paragraph at lines 760--760
[]\T1/lmr/m/n/10 -  [] 
 []


Overfull \hbox (7.77776pt too wide) in paragraph at lines 761--761
[]\T1/lmr/m/n/10 -  [] 
 []


Overfull \hbox (7.77776pt too wide) in paragraph at lines 762--762
[]\T1/lmr/m/n/10 -  [] 
 []


Overfull \hbox (7.77776pt too wide) in paragraph at lines 763--763
[]\T1/lmr/m/n/10 -  [] 
 []


Overfull \hbox (7.77776pt too wide) in paragraph at lines 764--764
[]\T1/lmr/m/n/10 -  [] 
 []


Overfull \hbox (7.77776pt too wide) in paragraph at lines 765--765
[]\T1/lmr/m/n/10 -  [] 
 []


Overfull \hbox (7.77776pt too wide) in paragraph at lines 766--766
[]\T1/lmr/m/n/10 -  [] 
 []


Overfull \hbox (7.77776pt too wide) in paragraph at lines 767--767
[]\T1/lmr/m/n/10 -  [] 
 []


Overfull \hbox (7.77776pt too wide) in paragraph at lines 768--768
[]\T1/lmr/m/n/10 -  [] 
 []


Overfull \hbox (7.77776pt too wide) in paragraph at lines 769--769
[]\T1/lmr/m/n/10 -  [] 
 []


Overfull \hbox (7.77776pt too wide) in paragraph at lines 772--772
[]\T1/lmr/m/n/10 -  [] 
 []


Overfull \hbox (8.88885pt too wide) in paragraph at lines 772--772
[]    [] 
 []


Overfull \hbox (7.77776pt too wide) in paragraph at lines 773--773
[]\T1/lmr/m/n/10 -  [] 
 []


Overfull \hbox (8.88885pt too wide) in paragraph at lines 773--773
[]    [] 
 []


Overfull \hbox (7.77776pt too wide) in paragraph at lines 774--774
[]\T1/lmr/m/n/10 -  [] 
 []


Overfull \hbox (8.88885pt too wide) in paragraph at lines 774--774
[]    [] 
 []


Overfull \hbox (7.77776pt too wide) in paragraph at lines 777--777
[]\T1/lmr/m/n/10 -  [] 
 []


Overfull \hbox (7.77776pt too wide) in paragraph at lines 778--778
[]\T1/lmr/m/n/10 -  [] 
 []


Overfull \hbox (7.77776pt too wide) in paragraph at lines 782--782
[]\T1/lmr/m/n/10 -  [] 
 []


Overfull \hbox (7.77776pt too wide) in paragraph at lines 783--783
[]\T1/lmr/m/n/10 -  [] 
 []


Overfull \hbox (7.77776pt too wide) in paragraph at lines 784--784
[]\T1/lmr/m/n/10 -  [] 
 []


Overfull \hbox (7.77776pt too wide) in paragraph at lines 785--785
[]\T1/lmr/m/n/10 -  [] 
 []

[29]
Package atveryend Info: Empty hook `BeforeClearDocument' on input line 792.
 [30]
Package atveryend Info: Empty hook `AfterLastShipout' on input line 792.
 (./vita.aux)
Package atveryend Info: Empty hook `AtVeryEndDocument' on input line 792.
Package atveryend Info: Executing hook `AtEndAfterFileList' on input line 792.
Package rerunfilecheck Info: File `vita.out' has not changed.
(rerunfilecheck)             Checksum: CDF220ADFB8A2C0EE77FC55AEE51CFBD;1075.


LaTeX Font Warning: Some font shapes were not available, defaults substituted.

Package atveryend Info: Empty hook `AtVeryVeryEnd' on input line 792.
 ) 
Here is how much of TeX's memory you used:
 6514 strings out of 492616
 95319 string characters out of 6128030
 205719 words of memory out of 5000000
 10058 multiletter control sequences out of 15000+600000
 50538 words of font info for 37 fonts, out of 8000000 for 9000
 1141 hyphenation exceptions out of 8191
 36i,11n,45p,391b,588s stack positions out of 5000i,500n,10000p,200000b,80000s
{/usr/sup/texlive-20190115/texmf-dist/fonts/enc/dvips/lm/lm-ec.enc}</usr/sup/
texlive-20190115/texmf-dist/fonts/type1/public/amsfonts/cm/cmsy9.pfb></usr/sup/
texlive-20190115/texmf-dist/fonts/type1/public/lm/lmbx10.pfb></usr/sup/texlive-
20190115/texmf-dist/fonts/type1/public/lm/lmbx9.pfb></usr/sup/texlive-20190115/
texmf-dist/fonts/type1/public/lm/lmr10.pfb></usr/sup/texlive-20190115/texmf-dis
t/fonts/type1/public/lm/lmr9.pfb></usr/sup/texlive-20190115/texmf-dist/fonts/ty
pe1/public/lm/lmri10.pfb></usr/sup/texlive-20190115/texmf-dist/fonts/type1/publ
ic/lm/lmri9.pfb></usr/sup/texlive-20190115/texmf-dist/fonts/type1/public/lm/lmr
o10.pfb></usr/sup/texlive-20190115/texmf-dist/fonts/type1/public/lm/lmss12.pfb>
</usr/sup/texlive-20190115/texmf-dist/fonts/type1/public/lm/lmss17.pfb></usr/su
p/texlive-20190115/texmf-dist/fonts/type1/public/lm/lmss9.pfb>
Output written on vita.pdf (30 pages, 380865 bytes).
PDF statistics:
 565 PDF objects out of 1000 (max. 8388607)
 516 compressed objects within 6 object streams
 244 named destinations out of 1000 (max. 500000)
 153 words of extra memory for PDF output out of 10000 (max. 10000000)

